
> server@1.0.0 start
> node server.js

[dotenv@17.2.3] injecting env (0) from .env -- tip: ⚙️  override existing env vars with { override: true }
WARNING: serviceAccountKey.json not found in server/config/. Firebase not initialized.
Payment Gateway initialized with provider: MOCK
Server running on port 5000
DB access failed, falling back to local file: Unable to detect a Project Id in the current environment.
To learn more about authentication and Google APIs, visit:
https://cloud.google.com/docs/authentication/getting-started
DB access failed, falling back to local file: Unable to detect a Project Id in the current environment.
To learn more about authentication and Google APIs, visit:
https://cloud.google.com/docs/authentication/getting-started
DB access failed, falling back to local file: Unable to detect a Project Id in the current environment.
To learn more about authentication and Google APIs, visit:
https://cloud.google.com/docs/authentication/getting-started
DB access failed, falling back to local file: Unable to detect a Project Id in the current environment.
To learn more about authentication and Google APIs, visit:
https://cloud.google.com/docs/authentication/getting-started
DB access failed, falling back to local file: Unable to detect a Project Id in the current environment.
To learn more about authentication and Google APIs, visit:
https://cloud.google.com/docs/authentication/getting-started
DB access failed, falling back to local file: Unable to detect a Project Id in the current environment.
To learn more about authentication and Google APIs, visit:
https://cloud.google.com/docs/authentication/getting-started
DB access failed, falling back to local file: Unable to detect a Project Id in the current environment.
To learn more about authentication and Google APIs, visit:
https://cloud.google.com/docs/authentication/getting-started
DB access failed, falling back to local file: Unable to detect a Project Id in the current environment.
To learn more about authentication and Google APIs, visit:
https://cloud.google.com/docs/authentication/getting-started
DB access failed, falling back to local file: Unable to detect a Project Id in the current environment.
To learn more about authentication and Google APIs, visit:
https://cloud.google.com/docs/authentication/getting-started
DB access failed, falling back to local file: Unable to detect a Project Id in the current environment.
To learn more about authentication and Google APIs, visit:
https://cloud.google.com/docs/authentication/getting-started
DB access failed, falling back to local file: Unable to detect a Project Id in the current environment.
To learn more about authentication and Google APIs, visit:
https://cloud.google.com/docs/authentication/getting-started
DB access failed, falling back to local file: Unable to detect a Project Id in the current environment.
To learn more about authentication and Google APIs, visit:
https://cloud.google.com/docs/authentication/getting-started
DB access failed, falling back to local file: Unable to detect a Project Id in the current environment.
To learn more about authentication and Google APIs, visit:
https://cloud.google.com/docs/authentication/getting-started
DB access failed, falling back to local file: Unable to detect a Project Id in the current environment.
To learn more about authentication and Google APIs, visit:
https://cloud.google.com/docs/authentication/getting-started
DB access failed, falling back to local file: Unable to detect a Project Id in the current environment.
To learn more about authentication and Google APIs, visit:
https://cloud.google.com/docs/authentication/getting-started
DB access failed, falling back to local file: Unable to detect a Project Id in the current environment.
To learn more about authentication and Google APIs, visit:
https://cloud.google.com/docs/authentication/getting-started
DB access failed, falling back to local file: Unable to detect a Project Id in the current environment.
To learn more about authentication and Google APIs, visit:
https://cloud.google.com/docs/authentication/getting-started
